android/app/build/intermediates/manifest_merge_blame_file/release/manifest-merger-blame-release-report.txt
1<?xml version="1.0" encoding="utf-8"?>
2<manifest xmlns:android="http://schemas.android.com/apk/res/android"
3    package="com.squaredmenu"
4    android:versionCode="7"
5    android:versionName="3.4" >
6
7    <uses-sdk
8        android:minSdkVersion="21"
8-->src\main\AndroidManifest.xml
9        android:targetSdkVersion="29" />
9-->src\main\AndroidManifest.xml
10
11    <uses-permission android:name="android.permission.INTERNET" />
11-->src\main\AndroidManifest.xml:4:5-67
11-->src\main\AndroidManifest.xml:4:22-64
12    <uses-permission android:name="android.permission.ACCESS_FINE_LOCATION" />
12-->src\main\AndroidManifest.xml:5:5-78
12-->src\main\AndroidManifest.xml:5:22-76
13    <uses-permission android:name="android.permission.CAMERA" />
13-->src\main\AndroidManifest.xml:6:5-64
13-->src\main\AndroidManifest.xml:6:22-62
14    <uses-permission android:name="android.permission.ACCESS_NETWORK_STATE" />
14-->[:react-native-community_netinfo] AndroidManifest.xml:9:5-79
14-->[:react-native-community_netinfo] AndroidManifest.xml:9:22-76
15    <uses-permission android:name="android.permission.ACCESS_WIFI_STATE" />
15-->[:react-native-community_netinfo] AndroidManifest.xml:10:5-76
15-->[:react-native-community_netinfo] AndroidManifest.xml:10:22-73
16    <uses-permission android:name="android.permission.WAKE_LOCK" />
16-->[:react-native-firebase_messaging] AndroidManifest.xml:12:5-68
16-->[:react-native-firebase_messaging] AndroidManifest.xml:12:22-65
17
18    <queries>
18-->[:react-native-image-crop-picker] AndroidManifest.xml:10:5-14:15
19        <intent>
19-->[:react-native-image-crop-picker] AndroidManifest.xml:11:9-13:18
20            <action android:name="android.media.action.IMAGE_CAPTURE" />
20-->[:react-native-image-crop-picker] AndroidManifest.xml:12:13-73
20-->[:react-native-image-crop-picker] AndroidManifest.xml:12:21-70
21        </intent>
22    </queries>
23
24    <uses-permission android:name="android.permission.WRITE_EXTERNAL_STORAGE" />
24-->[:react-native-image-crop-picker] AndroidManifest.xml:16:5-81
24-->[:react-native-image-crop-picker] AndroidManifest.xml:16:22-78
25    <uses-permission android:name="android.permission.ACCESS_COARSE_LOCATION" /> <!-- Required by older versions of Google Play services to create IID tokens -->
25-->[:react-native-maps] AndroidManifest.xml:10:5-81
25-->[:react-native-maps] AndroidManifest.xml:10:22-78
26    <uses-permission android:name="com.google.android.c2dm.permission.RECEIVE" /> <!-- for android -->
26-->[com.google.firebase:firebase-messaging:22.0.0] AndroidManifest.xml:25:5-82
26-->[com.google.firebase:firebase-messaging:22.0.0] AndroidManifest.xml:25:22-79
27    <!-- <uses-permission android:name="com.android.launcher.permission.READ_SETTINGS"/> -->
28    <!-- <uses-permission android:name="com.android.launcher.permission.WRITE_SETTINGS"/> -->
29    <!-- <uses-permission android:name="com.android.launcher.permission.INSTALL_SHORTCUT" /> -->
30    <!-- <uses-permission android:name="com.android.launcher.permission.UNINSTALL_SHORTCUT" /> -->
31    <!-- for Samsung -->
32    <uses-permission android:name="com.sec.android.provider.badge.permission.READ" />
32-->[me.leolin:ShortcutBadger:1.1.22] AndroidManifest.xml:19:5-86
32-->[me.leolin:ShortcutBadger:1.1.22] AndroidManifest.xml:19:22-83
33    <uses-permission android:name="com.sec.android.provider.badge.permission.WRITE" /> <!-- for htc -->
33-->[me.leolin:ShortcutBadger:1.1.22] AndroidManifest.xml:20:5-87
33-->[me.leolin:ShortcutBadger:1.1.22] AndroidManifest.xml:20:22-84
34    <uses-permission android:name="com.htc.launcher.permission.READ_SETTINGS" />
34-->[me.leolin:ShortcutBadger:1.1.22] AndroidManifest.xml:23:5-81
34-->[me.leolin:ShortcutBadger:1.1.22] AndroidManifest.xml:23:22-78
35    <uses-permission android:name="com.htc.launcher.permission.UPDATE_SHORTCUT" /> <!-- for sony -->
35-->[me.leolin:ShortcutBadger:1.1.22] AndroidManifest.xml:24:5-83
35-->[me.leolin:ShortcutBadger:1.1.22] AndroidManifest.xml:24:22-80
36    <uses-permission android:name="com.sonyericsson.home.permission.BROADCAST_BADGE" />
36-->[me.leolin:ShortcutBadger:1.1.22] AndroidManifest.xml:27:5-88
36-->[me.leolin:ShortcutBadger:1.1.22] AndroidManifest.xml:27:22-85
37    <uses-permission android:name="com.sonymobile.home.permission.PROVIDER_INSERT_BADGE" /> <!-- for apex -->
37-->[me.leolin:ShortcutBadger:1.1.22] AndroidManifest.xml:28:5-92
37-->[me.leolin:ShortcutBadger:1.1.22] AndroidManifest.xml:28:22-89
38    <uses-permission android:name="com.anddoes.launcher.permission.UPDATE_COUNT" /> <!-- for solid -->
38-->[me.leolin:ShortcutBadger:1.1.22] AndroidManifest.xml:31:5-84
38-->[me.leolin:ShortcutBadger:1.1.22] AndroidManifest.xml:31:22-81
39    <uses-permission android:name="com.majeur.launcher.permission.UPDATE_BADGE" /> <!-- for huawei -->
39-->[me.leolin:ShortcutBadger:1.1.22] AndroidManifest.xml:34:5-83
39-->[me.leolin:ShortcutBadger:1.1.22] AndroidManifest.xml:34:22-80
40    <uses-permission android:name="com.huawei.android.launcher.permission.CHANGE_BADGE" />
40-->[me.leolin:ShortcutBadger:1.1.22] AndroidManifest.xml:37:5-91
40-->[me.leolin:ShortcutBadger:1.1.22] AndroidManifest.xml:37:22-88
41    <uses-permission android:name="com.huawei.android.launcher.permission.READ_SETTINGS" />
41-->[me.leolin:ShortcutBadger:1.1.22] AndroidManifest.xml:38:5-92
41-->[me.leolin:ShortcutBadger:1.1.22] AndroidManifest.xml:38:22-89
42    <uses-permission android:name="com.huawei.android.launcher.permission.WRITE_SETTINGS" /> <!-- for ZUK -->
42-->[me.leolin:ShortcutBadger:1.1.22] AndroidManifest.xml:39:5-93
42-->[me.leolin:ShortcutBadger:1.1.22] AndroidManifest.xml:39:22-90
43    <uses-permission android:name="android.permission.READ_APP_BADGE" /> <!-- for OPPO -->
43-->[me.leolin:ShortcutBadger:1.1.22] AndroidManifest.xml:42:5-73
43-->[me.leolin:ShortcutBadger:1.1.22] AndroidManifest.xml:42:22-70
44    <uses-permission android:name="com.oppo.launcher.permission.READ_SETTINGS" />
44-->[me.leolin:ShortcutBadger:1.1.22] AndroidManifest.xml:45:5-82
44-->[me.leolin:ShortcutBadger:1.1.22] AndroidManifest.xml:45:22-79
45    <uses-permission android:name="com.oppo.launcher.permission.WRITE_SETTINGS" /> <!-- for EvMe -->
45-->[me.leolin:ShortcutBadger:1.1.22] AndroidManifest.xml:46:5-83
45-->[me.leolin:ShortcutBadger:1.1.22] AndroidManifest.xml:46:22-80
46    <uses-permission android:name="me.everything.badger.permission.BADGE_COUNT_READ" />
46-->[me.leolin:ShortcutBadger:1.1.22] AndroidManifest.xml:49:5-88
46-->[me.leolin:ShortcutBadger:1.1.22] AndroidManifest.xml:49:22-85
47    <uses-permission android:name="me.everything.badger.permission.BADGE_COUNT_WRITE" />
47-->[me.leolin:ShortcutBadger:1.1.22] AndroidManifest.xml:50:5-89
47-->[me.leolin:ShortcutBadger:1.1.22] AndroidManifest.xml:50:22-86
48
49    <uses-feature
49-->[com.google.android.gms:play-services-maps:17.0.0] AndroidManifest.xml:26:5-28:35
50        android:glEsVersion="0x00020000"
50-->[com.google.android.gms:play-services-maps:17.0.0] AndroidManifest.xml:27:9-41
51        android:required="true" />
51-->[com.google.android.gms:play-services-maps:17.0.0] AndroidManifest.xml:28:9-32
52
53    <uses-permission android:name="com.google.android.finsky.permission.BIND_GET_INSTALL_REFERRER_SERVICE" />
53-->[com.google.android.gms:play-services-measurement:19.0.1] AndroidManifest.xml:26:5-110
53-->[com.google.android.gms:play-services-measurement:19.0.1] AndroidManifest.xml:26:22-107
54
55    <application
55-->src\main\AndroidManifest.xml:7:5-43:19
56        android:name="com.squaredmenu.MainApplication"
56-->src\main\AndroidManifest.xml:8:7-38
57        android:allowBackup="false"
57-->src\main\AndroidManifest.xml:12:7-34
58        android:appComponentFactory="androidx.core.app.CoreComponentFactory"
58-->[androidx.core:core:1.3.2] AndroidManifest.xml:24:18-86
59        android:icon="@mipmap/ic_launcher"
59-->src\main\AndroidManifest.xml:10:7-41
60        android:label="@string/app_name"
60-->src\main\AndroidManifest.xml:9:7-39
61        android:roundIcon="@mipmap/ic_launcher_round"
61-->src\main\AndroidManifest.xml:11:7-52
62        android:supportsRtl="true"
62-->[com.facebook.android:facebook-android-sdk:8.2.0] AndroidManifest.xml:28:18-44
63        android:theme="@style/AppTheme"
63-->src\main\AndroidManifest.xml:14:7-38
64        android:usesCleartextTraffic="true" >
64-->src\main\AndroidManifest.xml:13:7-42
65        <meta-data
65-->src\main\AndroidManifest.xml:15:7-17:60
66            android:name="com.google.android.geo.API_KEY"
66-->src\main\AndroidManifest.xml:16:3-48
67            android:value="AIzaSyBsqmLSVPGVmlSVcVmrLY_ynqvMLRUyeZU" />
67-->src\main\AndroidManifest.xml:17:3-58
68
69        <activity
69-->src\main\AndroidManifest.xml:18:7-26:18
70            android:name="com.squaredmenu.SplashActivity"
70-->src\main\AndroidManifest.xml:19:9-39
71            android:label="@string/app_name"
71-->src\main\AndroidManifest.xml:21:9-41
72            android:theme="@style/SplashTheme" >
72-->src\main\AndroidManifest.xml:20:9-43
73            <intent-filter>
73-->src\main\AndroidManifest.xml:22:9-25:25
74                <action android:name="android.intent.action.MAIN" />
74-->src\main\AndroidManifest.xml:23:13-65
74-->src\main\AndroidManifest.xml:23:21-62
75
76                <category android:name="android.intent.category.LAUNCHER" />
76-->src\main\AndroidManifest.xml:24:13-73
76-->src\main\AndroidManifest.xml:24:23-70
77            </intent-filter>
78        </activity>
79        <activity
79-->src\main\AndroidManifest.xml:27:7-39:18
80            android:name="com.squaredmenu.MainActivity"
80-->src\main\AndroidManifest.xml:28:9-37
81            android:configChanges="keyboard|keyboardHidden|orientation|screenSize|uiMode"
81-->src\main\AndroidManifest.xml:30:9-86
82            android:exported="true"
82-->src\main\AndroidManifest.xml:33:9-32
83            android:label="@string/app_name"
83-->src\main\AndroidManifest.xml:29:9-41
84            android:launchMode="singleTask"
84-->src\main\AndroidManifest.xml:31:9-40
85            android:screenOrientation="portrait"
85-->src\main\AndroidManifest.xml:34:9-45
86            android:windowSoftInputMode="adjustResize" >
86-->src\main\AndroidManifest.xml:32:9-51
87            <intent-filter>
87-->src\main\AndroidManifest.xml:35:9-38:25
88                <action android:name="android.intent.action.MAIN" />
88-->src\main\AndroidManifest.xml:23:13-65
88-->src\main\AndroidManifest.xml:23:21-62
89
90                <category android:name="android.intent.category.DEFAULT" />
90-->src\main\AndroidManifest.xml:37:13-72
90-->src\main\AndroidManifest.xml:37:23-69
91            </intent-filter>
92        </activity>
93
94        <meta-data
94-->src\main\AndroidManifest.xml:40:7-105
95            android:name="com.facebook.sdk.ApplicationId"
95-->src\main\AndroidManifest.xml:40:18-63
96            android:value="@string/facebook_app_id" />
96-->src\main\AndroidManifest.xml:40:64-103
97        <meta-data
97-->src\main\AndroidManifest.xml:41:7-136
98            android:name="com.google.firebase.messaging.default_notification_icon"
98-->src\main\AndroidManifest.xml:41:19-89
99            android:resource="@mipmap/ic_notification" />
99-->src\main\AndroidManifest.xml:41:90-132
100
101        <!-- Disable crashlytics by default so we can custom init with CrashlyticsNdk support -->
102        <meta-data
102-->[:react-native-firebase_crashlytics] AndroidManifest.xml:14:9-16:37
103            android:name="firebase_crashlytics_collection_enabled"
103-->[:react-native-firebase_crashlytics] AndroidManifest.xml:15:13-67
104            android:value="false" />
104-->[:react-native-firebase_crashlytics] AndroidManifest.xml:16:13-34
105
106        <provider
106-->[:react-native-firebase_crashlytics] AndroidManifest.xml:18:9-22:38
107            android:name="io.invertase.firebase.crashlytics.ReactNativeFirebaseCrashlyticsInitProvider"
107-->[:react-native-firebase_crashlytics] AndroidManifest.xml:19:13-104
108            android:authorities="com.squaredmenu.reactnativefirebasecrashlyticsinitprovider"
108-->[:react-native-firebase_crashlytics] AndroidManifest.xml:20:13-94
109            android:exported="false"
109-->[:react-native-firebase_crashlytics] AndroidManifest.xml:21:13-37
110            android:initOrder="98" />
110-->[:react-native-firebase_crashlytics] AndroidManifest.xml:22:13-35
111
112        <service android:name="io.invertase.firebase.messaging.ReactNativeFirebaseMessagingHeadlessService" />
112-->[:react-native-firebase_messaging] AndroidManifest.xml:16:9-111
112-->[:react-native-firebase_messaging] AndroidManifest.xml:16:18-108
113        <service
113-->[:react-native-firebase_messaging] AndroidManifest.xml:17:9-23:19
114            android:name="io.invertase.firebase.messaging.ReactNativeFirebaseMessagingService"
114-->[:react-native-firebase_messaging] AndroidManifest.xml:18:13-95
115            android:exported="false" >
115-->[:react-native-firebase_messaging] AndroidManifest.xml:19:13-37
116            <intent-filter>
116-->[:react-native-firebase_messaging] AndroidManifest.xml:20:13-22:29
117                <action android:name="com.google.firebase.MESSAGING_EVENT" />
117-->[:react-native-firebase_messaging] AndroidManifest.xml:21:17-78
117-->[:react-native-firebase_messaging] AndroidManifest.xml:21:25-75
118            </intent-filter>
119        </service>
120
121        <receiver
121-->[:react-native-firebase_messaging] AndroidManifest.xml:25:9-32:20
122            android:name="io.invertase.firebase.messaging.ReactNativeFirebaseMessagingReceiver"
122-->[:react-native-firebase_messaging] AndroidManifest.xml:26:13-96
123            android:exported="true"
123-->[:react-native-firebase_messaging] AndroidManifest.xml:27:13-36
124            android:permission="com.google.android.c2dm.permission.SEND" >
124-->[:react-native-firebase_messaging] AndroidManifest.xml:28:13-73
125            <intent-filter>
125-->[:react-native-firebase_messaging] AndroidManifest.xml:29:13-31:29
126                <action android:name="com.google.android.c2dm.intent.RECEIVE" />
126-->[:react-native-firebase_messaging] AndroidManifest.xml:30:17-81
126-->[:react-native-firebase_messaging] AndroidManifest.xml:30:25-78
127            </intent-filter>
128        </receiver>
129
130        <meta-data
130-->[:react-native-firebase_messaging] AndroidManifest.xml:34:9-36:36
131            android:name="firebase_messaging_auto_init_enabled"
131-->[:react-native-firebase_messaging] AndroidManifest.xml:35:13-64
132            android:value="true" />
132-->[:react-native-firebase_messaging] AndroidManifest.xml:36:13-33
133        <meta-data
133-->[:react-native-firebase_messaging] AndroidManifest.xml:37:9-39:32
134            android:name="com.google.firebase.messaging.default_notification_channel_id"
134-->[:react-native-firebase_messaging] AndroidManifest.xml:38:13-89
135            android:value="" />
135-->[:react-native-firebase_messaging] AndroidManifest.xml:39:13-29
136        <meta-data
136-->[:react-native-firebase_messaging] AndroidManifest.xml:40:9-42:47
137            android:name="com.google.firebase.messaging.default_notification_color"
137-->[:react-native-firebase_messaging] AndroidManifest.xml:41:13-84
138            android:resource="@color/white" />
138-->[:react-native-firebase_messaging] AndroidManifest.xml:42:13-44
139        <meta-data
139-->[:react-native-firebase_app] AndroidManifest.xml:12:9-14:36
140            android:name="app_data_collection_default_enabled"
140-->[:react-native-firebase_app] AndroidManifest.xml:13:13-63
141            android:value="true" />
141-->[:react-native-firebase_app] AndroidManifest.xml:14:13-33
142
143        <service
143-->[:react-native-firebase_app] AndroidManifest.xml:16:9-20:19
144            android:name="com.google.firebase.components.ComponentDiscoveryService"
144-->[:react-native-firebase_app] AndroidManifest.xml:16:18-89
145            android:directBootAware="true"
145-->[com.google.firebase:firebase-common:20.0.0] AndroidManifest.xml:35:13-43
146            android:exported="false" >
146-->[com.google.firebase:firebase-crashlytics-ndk:18.2.1] AndroidManifest.xml:34:13-37
147            <meta-data
147-->[:react-native-firebase_app] AndroidManifest.xml:17:13-19:85
148                android:name="com.google.firebase.components:io.invertase.firebase.app.ReactNativeFirebaseAppRegistrar"
148-->[:react-native-firebase_app] AndroidManifest.xml:18:17-120
149                android:value="com.google.firebase.components.ComponentRegistrar" />
149-->[:react-native-firebase_app] AndroidManifest.xml:19:17-82
150            <meta-data
150-->[com.google.firebase:firebase-crashlytics-ndk:18.2.1] AndroidManifest.xml:35:13-37:85
151                android:name="com.google.firebase.components:com.google.firebase.crashlytics.ndk.CrashlyticsNdkRegistrar"
151-->[com.google.firebase:firebase-crashlytics-ndk:18.2.1] AndroidManifest.xml:36:17-122
152                android:value="com.google.firebase.components.ComponentRegistrar" />
152-->[com.google.firebase:firebase-crashlytics-ndk:18.2.1] AndroidManifest.xml:37:17-82
153            <meta-data
153-->[com.google.firebase:firebase-crashlytics:18.2.1] AndroidManifest.xml:18:13-20:85
154                android:name="com.google.firebase.components:com.google.firebase.crashlytics.CrashlyticsRegistrar"
154-->[com.google.firebase:firebase-crashlytics:18.2.1] AndroidManifest.xml:19:17-115
155                android:value="com.google.firebase.components.ComponentRegistrar" />
155-->[com.google.firebase:firebase-crashlytics:18.2.1] AndroidManifest.xml:20:17-82
156            <meta-data
156-->[com.google.firebase:firebase-messaging:22.0.0] AndroidManifest.xml:52:13-54:85
157                android:name="com.google.firebase.components:com.google.firebase.messaging.FirebaseMessagingRegistrar"
157-->[com.google.firebase:firebase-messaging:22.0.0] AndroidManifest.xml:53:17-119
158                android:value="com.google.firebase.components.ComponentRegistrar" />
158-->[com.google.firebase:firebase-messaging:22.0.0] AndroidManifest.xml:54:17-82
159            <meta-data
159-->[com.google.firebase:firebase-datatransport:18.0.0] AndroidManifest.xml:28:13-30:85
160                android:name="com.google.firebase.components:com.google.firebase.datatransport.TransportRegistrar"
160-->[com.google.firebase:firebase-datatransport:18.0.0] AndroidManifest.xml:29:17-115
161                android:value="com.google.firebase.components.ComponentRegistrar" />
161-->[com.google.firebase:firebase-datatransport:18.0.0] AndroidManifest.xml:30:17-82
162            <meta-data
162-->[com.google.android.gms:play-services-measurement-api:19.0.1] AndroidManifest.xml:30:13-32:85
163                android:name="com.google.firebase.components:com.google.firebase.analytics.connector.internal.AnalyticsConnectorRegistrar"
163-->[com.google.android.gms:play-services-measurement-api:19.0.1] AndroidManifest.xml:31:17-139
164                android:value="com.google.firebase.components.ComponentRegistrar" />
164-->[com.google.android.gms:play-services-measurement-api:19.0.1] AndroidManifest.xml:32:17-82
165            <meta-data
165-->[com.google.firebase:firebase-installations:17.0.0] AndroidManifest.xml:18:13-20:85
166                android:name="com.google.firebase.components:com.google.firebase.installations.FirebaseInstallationsRegistrar"
166-->[com.google.firebase:firebase-installations:17.0.0] AndroidManifest.xml:19:17-127
167                android:value="com.google.firebase.components.ComponentRegistrar" />
167-->[com.google.firebase:firebase-installations:17.0.0] AndroidManifest.xml:20:17-82
168        </service>
169
170        <provider
170-->[:react-native-firebase_app] AndroidManifest.xml:22:9-26:38
171            android:name="io.invertase.firebase.app.ReactNativeFirebaseAppInitProvider"
171-->[:react-native-firebase_app] AndroidManifest.xml:23:13-88
172            android:authorities="com.squaredmenu.reactnativefirebaseappinitprovider"
172-->[:react-native-firebase_app] AndroidManifest.xml:24:13-86
173            android:exported="false"
173-->[:react-native-firebase_app] AndroidManifest.xml:25:13-37
174            android:initOrder="99" />
174-->[:react-native-firebase_app] AndroidManifest.xml:26:13-35
175
176        <receiver
176-->[:react-native-device-info] AndroidManifest.xml:12:9-19:20
177            android:name="com.learnium.RNDeviceInfo.RNDeviceReceiver"
177-->[:react-native-device-info] AndroidManifest.xml:13:13-70
178            android:enabled="true"
178-->[:react-native-device-info] AndroidManifest.xml:14:13-35
179            android:exported="true" >
179-->[:react-native-device-info] AndroidManifest.xml:15:13-36
180            <intent-filter>
180-->[:react-native-device-info] AndroidManifest.xml:16:13-18:29
181                <action android:name="com.android.vending.INSTALL_REFERRER" />
181-->[:react-native-device-info] AndroidManifest.xml:17:17-79
181-->[:react-native-device-info] AndroidManifest.xml:17:25-76
182            </intent-filter>
183        </receiver>
184
185        <provider
185-->[:react-native-image-crop-picker] AndroidManifest.xml:19:9-27:20
186            android:name="androidx.core.content.FileProvider"
186-->[:react-native-image-crop-picker] AndroidManifest.xml:20:13-62
187            android:authorities="com.squaredmenu.provider"
187-->[:react-native-image-crop-picker] AndroidManifest.xml:21:13-60
188            android:exported="false"
188-->[:react-native-image-crop-picker] AndroidManifest.xml:22:13-37
189            android:grantUriPermissions="true" >
189-->[:react-native-image-crop-picker] AndroidManifest.xml:23:13-47
190            <meta-data
190-->[:react-native-image-crop-picker] AndroidManifest.xml:24:13-26:58
191                android:name="android.support.FILE_PROVIDER_PATHS"
191-->[:react-native-image-crop-picker] AndroidManifest.xml:25:17-67
192                android:resource="@xml/provider_paths" />
192-->[:react-native-image-crop-picker] AndroidManifest.xml:26:17-55
193        </provider>
194
195        <activity
195-->[:react-native-image-crop-picker] AndroidManifest.xml:29:9-31:72
196            android:name="com.yalantis.ucrop.UCropActivity"
196-->[:react-native-image-crop-picker] AndroidManifest.xml:30:13-60
197            android:theme="@style/Theme.AppCompat.Light.NoActionBar" />
197-->[:react-native-image-crop-picker] AndroidManifest.xml:31:13-69
198
199        <provider
199-->[:react-native-webview] AndroidManifest.xml:12:9-20:20
200            android:name="com.reactnativecommunity.webview.RNCWebViewFileProvider"
200-->[:react-native-webview] AndroidManifest.xml:13:13-83
201            android:authorities="com.squaredmenu.fileprovider"
201-->[:react-native-webview] AndroidManifest.xml:14:13-64
202            android:exported="false"
202-->[:react-native-webview] AndroidManifest.xml:15:13-37
203            android:grantUriPermissions="true" >
203-->[:react-native-webview] AndroidManifest.xml:16:13-47
204            <meta-data
204-->[:react-native-image-crop-picker] AndroidManifest.xml:24:13-26:58
205                android:name="android.support.FILE_PROVIDER_PATHS"
205-->[:react-native-image-crop-picker] AndroidManifest.xml:25:17-67
206                android:resource="@xml/file_provider_paths" />
206-->[:react-native-image-crop-picker] AndroidManifest.xml:26:17-55
207        </provider>
208
209        <activity
209-->[com.facebook.android:facebook-common:8.2.0] AndroidManifest.xml:30:9-33:66
210            android:name="com.facebook.FacebookActivity"
210-->[com.facebook.android:facebook-common:8.2.0] AndroidManifest.xml:31:13-57
211            android:configChanges="keyboard|keyboardHidden|screenLayout|screenSize|orientation"
211-->[com.facebook.android:facebook-common:8.2.0] AndroidManifest.xml:32:13-96
212            android:theme="@style/com_facebook_activity_theme" />
212-->[com.facebook.android:facebook-common:8.2.0] AndroidManifest.xml:33:13-63
213        <activity android:name="com.facebook.CustomTabMainActivity" />
213-->[com.facebook.android:facebook-common:8.2.0] AndroidManifest.xml:34:9-71
213-->[com.facebook.android:facebook-common:8.2.0] AndroidManifest.xml:34:19-68
214        <activity
214-->[com.facebook.android:facebook-common:8.2.0] AndroidManifest.xml:35:9-49:20
215            android:name="com.facebook.CustomTabActivity"
215-->[com.facebook.android:facebook-common:8.2.0] AndroidManifest.xml:36:13-58
216            android:exported="true" >
216-->[com.facebook.android:facebook-common:8.2.0] AndroidManifest.xml:37:13-36
217            <intent-filter>
217-->[com.facebook.android:facebook-common:8.2.0] AndroidManifest.xml:39:13-48:29
218                <action android:name="android.intent.action.VIEW" />
218-->[com.facebook.android:facebook-common:8.2.0] AndroidManifest.xml:40:17-69
218-->[com.facebook.android:facebook-common:8.2.0] AndroidManifest.xml:40:25-66
219
220                <category android:name="android.intent.category.DEFAULT" />
220-->src\main\AndroidManifest.xml:37:13-72
220-->src\main\AndroidManifest.xml:37:23-69
221                <category android:name="android.intent.category.BROWSABLE" />
221-->[com.facebook.android:facebook-common:8.2.0] AndroidManifest.xml:43:17-78
221-->[com.facebook.android:facebook-common:8.2.0] AndroidManifest.xml:43:27-75
222
223                <data
223-->[com.facebook.android:facebook-common:8.2.0] AndroidManifest.xml:45:17-47:50
224                    android:host="cct.com.squaredmenu"
224-->[com.facebook.android:facebook-common:8.2.0] AndroidManifest.xml:46:21-56
225                    android:scheme="fbconnect" />
225-->[com.facebook.android:facebook-common:8.2.0] AndroidManifest.xml:47:21-47
226            </intent-filter>
227        </activity>
228
229        <receiver
229-->[com.google.firebase:firebase-messaging:22.0.0] AndroidManifest.xml:28:9-35:20
230            android:name="com.google.firebase.iid.FirebaseInstanceIdReceiver"
230-->[com.google.firebase:firebase-messaging:22.0.0] AndroidManifest.xml:29:13-78
231            android:exported="true"
231-->[com.google.firebase:firebase-messaging:22.0.0] AndroidManifest.xml:30:13-36
232            android:permission="com.google.android.c2dm.permission.SEND" >
232-->[com.google.firebase:firebase-messaging:22.0.0] AndroidManifest.xml:31:13-73
233            <intent-filter>
233-->[:react-native-firebase_messaging] AndroidManifest.xml:29:13-31:29
234                <action android:name="com.google.android.c2dm.intent.RECEIVE" />
234-->[:react-native-firebase_messaging] AndroidManifest.xml:30:17-81
234-->[:react-native-firebase_messaging] AndroidManifest.xml:30:25-78
235            </intent-filter>
236        </receiver>
237        <!--
238             FirebaseMessagingService performs security checks at runtime,
239             but set to not exported to explicitly avoid allowing another app to call it.
240        -->
241        <service
241-->[com.google.firebase:firebase-messaging:22.0.0] AndroidManifest.xml:41:9-48:19
242            android:name="com.google.firebase.messaging.FirebaseMessagingService"
242-->[com.google.firebase:firebase-messaging:22.0.0] AndroidManifest.xml:42:13-82
243            android:directBootAware="true"
243-->[com.google.firebase:firebase-messaging:22.0.0] AndroidManifest.xml:43:13-43
244            android:exported="false" >
244-->[com.google.firebase:firebase-messaging:22.0.0] AndroidManifest.xml:44:13-37
245            <intent-filter android:priority="-500" >
245-->[:react-native-firebase_messaging] AndroidManifest.xml:20:13-22:29
246                <action android:name="com.google.firebase.MESSAGING_EVENT" />
246-->[:react-native-firebase_messaging] AndroidManifest.xml:21:17-78
246-->[:react-native-firebase_messaging] AndroidManifest.xml:21:25-75
247            </intent-filter>
248        </service>
249        <service
249-->[com.google.android.datatransport:transport-backend-cct:3.0.0] AndroidManifest.xml:29:9-35:19
250            android:name="com.google.android.datatransport.runtime.backends.TransportBackendDiscovery"
250-->[com.google.android.datatransport:transport-backend-cct:3.0.0] AndroidManifest.xml:30:13-103
251            android:exported="false" >
251-->[com.google.android.datatransport:transport-backend-cct:3.0.0] AndroidManifest.xml:31:13-37
252            <meta-data
252-->[com.google.android.datatransport:transport-backend-cct:3.0.0] AndroidManifest.xml:32:13-34:39
253                android:name="backend:com.google.android.datatransport.cct.CctBackendFactory"
253-->[com.google.android.datatransport:transport-backend-cct:3.0.0] AndroidManifest.xml:33:17-94
254                android:value="cct" />
254-->[com.google.android.datatransport:transport-backend-cct:3.0.0] AndroidManifest.xml:34:17-36
255        </service>
256
257        <provider
257-->[com.google.firebase:firebase-common:20.0.0] AndroidManifest.xml:26:9-31:39
258            android:name="com.google.firebase.provider.FirebaseInitProvider"
258-->[com.google.firebase:firebase-common:20.0.0] AndroidManifest.xml:27:13-77
259            android:authorities="com.squaredmenu.firebaseinitprovider"
259-->[com.google.firebase:firebase-common:20.0.0] AndroidManifest.xml:28:13-72
260            android:directBootAware="true"
260-->[com.google.firebase:firebase-common:20.0.0] AndroidManifest.xml:29:13-43
261            android:exported="false"
261-->[com.google.firebase:firebase-common:20.0.0] AndroidManifest.xml:30:13-37
262            android:initOrder="100" />
262-->[com.google.firebase:firebase-common:20.0.0] AndroidManifest.xml:31:13-36
263
264        <service
264-->[com.google.android.datatransport:transport-runtime:3.0.0] AndroidManifest.xml:26:9-30:19
265            android:name="com.google.android.datatransport.runtime.scheduling.jobscheduling.JobInfoSchedulerService"
265-->[com.google.android.datatransport:transport-runtime:3.0.0] AndroidManifest.xml:27:13-117
266            android:exported="false"